<?xml version="1.0" encoding="UTF-8"?>
<!-- Generated by org.testng.reporters.JUnitReportReporter -->
<testsuite hostname="shashank" name="com.game.testcases.RunWithSetTestData" tests="2" failures="0" timestamp="6 Apr 2019 23:32:55 GMT" time="0.972" errors="0">
  <testcase name="verifyPageElementPresence" time="0.506" classname="com.game.testcases.RunWithSetTestData"/>
  <testcase name="wonCombinationHighlight" time="0.466" classname="com.game.testcases.RunWithSetTestData"/>
</testsuite> <!-- com.game.testcases.RunWithSetTestData -->
