<?xml version="1.0" encoding="UTF-8"?>
<!-- Generated by org.testng.reporters.JUnitReportReporter -->
<testsuite hostname="shashank" name="com.game.testcases.RunWithSetTestData" tests="1" failures="0" timestamp="5 Apr 2019 19:43:04 GMT" time="0.332" errors="0">
  <testcase name="verifyPageElementPresence" time="0.332" classname="com.game.testcases.RunWithSetTestData"/>
</testsuite> <!-- com.game.testcases.RunWithSetTestData -->
