<?xml version="1.0" encoding="UTF-8"?>
<!-- Generated by org.testng.reporters.JUnitReportReporter -->
<testsuite hostname="shashank" name="com.game.testcases.runWithSetTestData" tests="1" failures="0" timestamp="2 Apr 2019 19:45:52 GMT" time="0.302" errors="0">
  <testcase name="setDataSpin" time="0.302" classname="com.game.testcases.runWithSetTestData"/>
</testsuite> <!-- com.game.testcases.runWithSetTestData -->
